<?xml version="1.0" encoding="UTF-8"?>
<!-- Generated by org.testng.reporters.JUnitXMLReporter -->
<testsuite ignored="0" hostname="DESKTOP-150NEV4" failures="0" tests="4" name="Default test" time="2.258" errors="0" timestamp="2022-12-03T16:59:05 EST">
  <testcase classname="com.employeeapi.testCases.TC004_Put_Employee_Record" name="checkContentType" time="0.013"/>
  <testcase classname="com.employeeapi.testCases.TC004_Put_Employee_Record" name="checkResponseEmpInfo" time="0.016"/>
  <testcase classname="com.employeeapi.testCases.TC004_Put_Employee_Record" name="checkStatusCode" time="0.003"/>
  <testcase classname="com.employeeapi.testCases.TC004_Put_Employee_Record" name="checkStatusLine" time="0.002"/>
</testsuite> <!-- Default test -->
