<?xml version="1.0" encoding="UTF-8"?>
<!-- Generated by org.testng.reporters.JUnitXMLReporter -->
<testsuite ignored="0" hostname="DESKTOP-150NEV4" failures="12" tests="26" name="EmployeesRestAPI Test" time="7.384" errors="0" timestamp="2022-12-03T18:11:17 EST">
  <testcase classname="com.employeeapi.testCases.TC005_Delete_Employee_Record" name="@BeforeClass deleteEmployee" time="0.336">
    <failure type="io.restassured.path.json.exception.JsonPathException" message="Failed to parse the JSON document">
      <![CDATA[io.restassured.path.json.exception.JsonPathException: Failed to parse the JSON document
at io.restassured.path.json.JsonPath$ExceptionCatcher.invoke(JsonPath.java:1002)
at io.restassured.path.json.JsonPath$4.doParseWith(JsonPath.java:967)
at io.restassured.path.json.JsonPath$JsonParser.parseWith(JsonPath.java:1047)
at io.restassured.path.json.JsonPath.get(JsonPath.java:202)
at com.employeeapi.testCases.TC005_Delete_Employee_Record.deleteEmployee(TC005_Delete_Employee_Record.java:33)
at java.base/java.util.ArrayList.forEach(ArrayList.java:1511)
Caused by: groovy.json.JsonException: Lexing failed on line: 1, column: 1, while reading '<', no possible valid JSON value or punctuation could be recognized.
at groovy.json.JsonLexer.nextToken(JsonLexer.java:86)
at groovy.json.JsonLexer$nextToken.call(Unknown Source)
at io.restassured.internal.path.json.ConfigurableJsonSlurper.parse(ConfigurableJsonSlurper.groovy:97)
at io.restassured.internal.path.json.ConfigurableJsonSlurper$parse.callCurrent(Unknown Source)
at io.restassured.internal.path.json.ConfigurableJsonSlurper.parseText(ConfigurableJsonSlurper.groovy:83)
at io.restassured.path.json.JsonPath$4$1.method(JsonPath.java:965)
at io.restassured.path.json.JsonPath$ExceptionCatcher.invoke(JsonPath.java:1000)
... 28 more
... Removed 23 stack frames]]>
    </failure>
  </testcase> <!-- @BeforeClass deleteEmployee -->
  <testcase classname="com.employeeapi.testCases.TC005_Delete_Employee_Record" name="@AfterClass tearDown" time="0.0">
    <skipped/>
  </testcase> <!-- @AfterClass tearDown -->
  <testcase classname="com.employeeapi.testCases.TC001_Get_All_Employees" name="checkBodyStatus" time="0.61"/>
  <testcase classname="com.employeeapi.testCases.TC001_Get_All_Employees" name="checkContentEncoding" time="0.003"/>
  <testcase classname="com.employeeapi.testCases.TC001_Get_All_Employees" name="checkContentType" time="0.002"/>
  <testcase classname="com.employeeapi.testCases.TC001_Get_All_Employees" name="checkCookies" time="0.002"/>
  <testcase classname="com.employeeapi.testCases.TC001_Get_All_Employees" name="checkResponseBody" time="0.004"/>
  <testcase classname="com.employeeapi.testCases.TC001_Get_All_Employees" name="checkResponseTime" time="0.003"/>
  <testcase classname="com.employeeapi.testCases.TC001_Get_All_Employees" name="checkServerType" time="0.002"/>
  <testcase classname="com.employeeapi.testCases.TC001_Get_All_Employees" name="checkStatusCode" time="0.002"/>
  <testcase classname="com.employeeapi.testCases.TC001_Get_All_Employees" name="checkStatusLine" time="0.003"/>
  <testcase classname="com.employeeapi.testCases.TC002_Get_Single_Employee_Record" name="checkContentType" time="0.013">
    <failure type="java.lang.AssertionError" message="expected [application/json] but found [text/html; charset=UTF-8]">
      <![CDATA[java.lang.AssertionError: expected [application/json] but found [text/html; charset=UTF-8]
at com.employeeapi.testCases.TC002_Get_Single_Employee_Record.checkContentType(TC002_Get_Single_Employee_Record.java:62)
at java.base/java.util.ArrayList.forEach(ArrayList.java:1511)
... Removed 31 stack frames]]>
    </failure>
  </testcase> <!-- checkContentType -->
  <testcase classname="com.employeeapi.testCases.TC002_Get_Single_Employee_Record" name="checkResponseBody" time="0.007">
    <failure type="java.lang.AssertionError" message="expected [true] but found [false]">
      <![CDATA[java.lang.AssertionError: expected [true] but found [false]
at com.employeeapi.testCases.TC002_Get_Single_Employee_Record.checkResponseBody(TC002_Get_Single_Employee_Record.java:34)
at java.base/java.util.ArrayList.forEach(ArrayList.java:1511)
... Removed 31 stack frames]]>
    </failure>
  </testcase> <!-- checkResponseBody -->
  <testcase classname="com.employeeapi.testCases.TC002_Get_Single_Employee_Record" name="checkResponseTime" time="0.002"/>
  <testcase classname="com.employeeapi.testCases.TC002_Get_Single_Employee_Record" name="checkServerType" time="0.002"/>
  <testcase classname="com.employeeapi.testCases.TC002_Get_Single_Employee_Record" name="checkStatusCode" time="0.002">
    <failure type="java.lang.AssertionError" message="expected [200] but found [429]">
      <![CDATA[java.lang.AssertionError: expected [200] but found [429]
at com.employeeapi.testCases.TC002_Get_Single_Employee_Record.checkStatusCode(TC002_Get_Single_Employee_Record.java:41)
at java.base/java.util.ArrayList.forEach(ArrayList.java:1511)
... Removed 31 stack frames]]>
    </failure>
  </testcase> <!-- checkStatusCode -->
  <testcase classname="com.employeeapi.testCases.TC002_Get_Single_Employee_Record" name="checkStatusLine" time="0.002">
    <failure type="java.lang.AssertionError" message="expected [HTTP/1.1 200 OK] but found [HTTP/1.1 429 Too Many Requests]">
      <![CDATA[java.lang.AssertionError: expected [HTTP/1.1 200 OK] but found [HTTP/1.1 429 Too Many Requests]
at com.employeeapi.testCases.TC002_Get_Single_Employee_Record.checkStatusLine(TC002_Get_Single_Employee_Record.java:55)
at java.base/java.util.ArrayList.forEach(ArrayList.java:1511)
... Removed 31 stack frames]]>
    </failure>
  </testcase> <!-- checkStatusLine -->
  <testcase classname="com.employeeapi.testCases.TC003_Post_Employee_Record" name="checkContentType" time="0.001">
    <failure type="java.lang.AssertionError" message="expected [application/json] but found [text/html; charset=UTF-8]">
      <![CDATA[java.lang.AssertionError: expected [application/json] but found [text/html; charset=UTF-8]
at com.employeeapi.testCases.TC003_Post_Employee_Record.checkContentType(TC003_Post_Employee_Record.java:66)
at java.base/java.util.ArrayList.forEach(ArrayList.java:1511)
... Removed 31 stack frames]]>
    </failure>
  </testcase> <!-- checkContentType -->
  <testcase classname="com.employeeapi.testCases.TC003_Post_Employee_Record" name="checkResponseEmpInfo" time="0.004">
    <failure type="java.lang.AssertionError" message="expected [true] but found [false]">
      <![CDATA[java.lang.AssertionError: expected [true] but found [false]
at com.employeeapi.testCases.TC003_Post_Employee_Record.checkResponseEmpInfo(TC003_Post_Employee_Record.java:76)
at java.base/java.util.ArrayList.forEach(ArrayList.java:1511)
... Removed 31 stack frames]]>
    </failure>
  </testcase> <!-- checkResponseEmpInfo -->
  <testcase classname="com.employeeapi.testCases.TC003_Post_Employee_Record" name="checkStatusCode" time="0.001">
    <failure type="java.lang.AssertionError" message="expected [200] but found [429]">
      <![CDATA[java.lang.AssertionError: expected [200] but found [429]
at com.employeeapi.testCases.TC003_Post_Employee_Record.checkStatusCode(TC003_Post_Employee_Record.java:52)
at java.base/java.util.ArrayList.forEach(ArrayList.java:1511)
... Removed 31 stack frames]]>
    </failure>
  </testcase> <!-- checkStatusCode -->
  <testcase classname="com.employeeapi.testCases.TC003_Post_Employee_Record" name="checkStatusLine" time="0.002">
    <failure type="java.lang.AssertionError" message="expected [HTTP/1.1 200 OK] but found [HTTP/1.1 429 Too Many Requests]">
      <![CDATA[java.lang.AssertionError: expected [HTTP/1.1 200 OK] but found [HTTP/1.1 429 Too Many Requests]
at com.employeeapi.testCases.TC003_Post_Employee_Record.checkStatusLine(TC003_Post_Employee_Record.java:59)
at java.base/java.util.ArrayList.forEach(ArrayList.java:1511)
... Removed 31 stack frames]]>
    </failure>
  </testcase> <!-- checkStatusLine -->
  <testcase classname="com.employeeapi.testCases.TC004_Put_Employee_Record" name="checkContentType" time="0.001">
    <failure type="java.lang.AssertionError" message="expected [application/json] but found [text/html; charset=UTF-8]">
      <![CDATA[java.lang.AssertionError: expected [application/json] but found [text/html; charset=UTF-8]
at com.employeeapi.testCases.TC004_Put_Employee_Record.checkContentType(TC004_Put_Employee_Record.java:65)
at java.base/java.util.ArrayList.forEach(ArrayList.java:1511)
... Removed 31 stack frames]]>
    </failure>
  </testcase> <!-- checkContentType -->
  <testcase classname="com.employeeapi.testCases.TC004_Put_Employee_Record" name="checkResponseEmpInfo" time="0.002">
    <failure type="java.lang.AssertionError" message="expected [true] but found [false]">
      <![CDATA[java.lang.AssertionError: expected [true] but found [false]
at com.employeeapi.testCases.TC004_Put_Employee_Record.checkResponseEmpInfo(TC004_Put_Employee_Record.java:75)
at java.base/java.util.ArrayList.forEach(ArrayList.java:1511)
... Removed 31 stack frames]]>
    </failure>
  </testcase> <!-- checkResponseEmpInfo -->
  <testcase classname="com.employeeapi.testCases.TC004_Put_Employee_Record" name="checkStatusCode" time="0.001">
    <failure type="java.lang.AssertionError" message="expected [200] but found [429]">
      <![CDATA[java.lang.AssertionError: expected [200] but found [429]
at com.employeeapi.testCases.TC004_Put_Employee_Record.checkStatusCode(TC004_Put_Employee_Record.java:51)
at java.base/java.util.ArrayList.forEach(ArrayList.java:1511)
... Removed 31 stack frames]]>
    </failure>
  </testcase> <!-- checkStatusCode -->
  <testcase classname="com.employeeapi.testCases.TC004_Put_Employee_Record" name="checkStatusLine" time="0.001">
    <failure type="java.lang.AssertionError" message="expected [HTTP/1.1 200 OK] but found [HTTP/1.1 429 Too Many Requests]">
      <![CDATA[java.lang.AssertionError: expected [HTTP/1.1 200 OK] but found [HTTP/1.1 429 Too Many Requests]
at com.employeeapi.testCases.TC004_Put_Employee_Record.checkStatusLine(TC004_Put_Employee_Record.java:58)
at java.base/java.util.ArrayList.forEach(ArrayList.java:1511)
... Removed 31 stack frames]]>
    </failure>
  </testcase> <!-- checkStatusLine -->
  <testcase classname="com.employeeapi.testCases.TC005_Delete_Employee_Record" name="checkResponseBody" time="0.0">
    <skipped/>
  </testcase> <!-- checkResponseBody -->
  <testcase classname="com.employeeapi.testCases.TC005_Delete_Employee_Record" name="checkStatusCode" time="0.0">
    <skipped/>
  </testcase> <!-- checkStatusCode -->
  <testcase classname="com.employeeapi.testCases.TC005_Delete_Employee_Record" name="checkStatusLine" time="0.0">
    <skipped/>
  </testcase> <!-- checkStatusLine -->
</testsuite> <!-- EmployeesRestAPI Test -->
