<?xml version="1.0" encoding="UTF-8"?>
<testng-results ignored="0" total="6" passed="6" failed="0" skipped="0">
  <reporter-output>
  </reporter-output>
  <suite started-at="2022-11-28T10:51:54 EST" name="Default suite" finished-at="2022-11-28T10:51:57 EST" duration-ms="2385">
    <groups>
    </groups>
    <test started-at="2022-11-28T10:51:54 EST" name="Default test" finished-at="2022-11-28T10:51:57 EST" duration-ms="2385">
      <class name="com.employeeapi.testCases.TC002_Get_Single_Employee_Record">
        <test-method is-config="true" signature="setup()[pri:0, instance:com.employeeapi.testCases.TC002_Get_Single_Employee_Record@6d763516]" started-at="2022-11-28T10:51:54 EST" name="setup" finished-at="2022-11-28T10:51:55 EST" duration-ms="135" status="PASS">
          <reporter-output>
          </reporter-output>
        </test-method> <!-- setup -->
        <test-method is-config="true" signature="getAllEmployees()[pri:0, instance:com.employeeapi.testCases.TC002_Get_Single_Employee_Record@6d763516]" started-at="2022-11-28T10:51:55 EST" name="getAllEmployees" finished-at="2022-11-28T10:51:57 EST" duration-ms="2137" status="PASS">
          <reporter-output>
          </reporter-output>
        </test-method> <!-- getAllEmployees -->
        <test-method signature="checkContentType()[pri:0, instance:com.employeeapi.testCases.TC002_Get_Single_Employee_Record@6d763516]" started-at="2022-11-28T10:51:57 EST" name="checkContentType" finished-at="2022-11-28T10:51:57 EST" duration-ms="11" status="PASS">
          <reporter-output>
          </reporter-output>
        </test-method> <!-- checkContentType -->
        <test-method signature="checkResponseBody()[pri:0, instance:com.employeeapi.testCases.TC002_Get_Single_Employee_Record@6d763516]" started-at="2022-11-28T10:51:57 EST" name="checkResponseBody" finished-at="2022-11-28T10:51:57 EST" duration-ms="22" status="PASS">
          <reporter-output>
          </reporter-output>
        </test-method> <!-- checkResponseBody -->
        <test-method signature="checkResponseTime()[pri:0, instance:com.employeeapi.testCases.TC002_Get_Single_Employee_Record@6d763516]" started-at="2022-11-28T10:51:57 EST" name="checkResponseTime" finished-at="2022-11-28T10:51:57 EST" duration-ms="2" status="PASS">
          <reporter-output>
          </reporter-output>
        </test-method> <!-- checkResponseTime -->
        <test-method signature="checkServerType()[pri:0, instance:com.employeeapi.testCases.TC002_Get_Single_Employee_Record@6d763516]" started-at="2022-11-28T10:51:57 EST" name="checkServerType" finished-at="2022-11-28T10:51:57 EST" duration-ms="2" status="PASS">
          <reporter-output>
          </reporter-output>
        </test-method> <!-- checkServerType -->
        <test-method signature="checkStatusCode()[pri:0, instance:com.employeeapi.testCases.TC002_Get_Single_Employee_Record@6d763516]" started-at="2022-11-28T10:51:57 EST" name="checkStatusCode" finished-at="2022-11-28T10:51:57 EST" duration-ms="3" status="PASS">
          <reporter-output>
          </reporter-output>
        </test-method> <!-- checkStatusCode -->
        <test-method signature="checkStatusLine()[pri:0, instance:com.employeeapi.testCases.TC002_Get_Single_Employee_Record@6d763516]" started-at="2022-11-28T10:51:57 EST" name="checkStatusLine" finished-at="2022-11-28T10:51:57 EST" duration-ms="2" status="PASS">
          <reporter-output>
          </reporter-output>
        </test-method> <!-- checkStatusLine -->
        <test-method is-config="true" signature="tearDown()[pri:0, instance:com.employeeapi.testCases.TC002_Get_Single_Employee_Record@6d763516]" started-at="2022-11-28T10:51:57 EST" name="tearDown" finished-at="2022-11-28T10:51:57 EST" duration-ms="1" status="PASS">
          <reporter-output>
          </reporter-output>
        </test-method> <!-- tearDown -->
      </class> <!-- com.employeeapi.testCases.TC002_Get_Single_Employee_Record -->
    </test> <!-- Default test -->
  </suite> <!-- Default suite -->
</testng-results>
