<?xml version="1.0" encoding="UTF-8"?>
<!-- Generated by org.testng.reporters.JUnitXMLReporter -->
<testsuite ignored="0" hostname="DESKTOP-150NEV4" failures="0" tests="5" name="Default test" time="5.363" errors="0" timestamp="2022-11-23T22:14:37 EST">
  <testcase classname="dataDrivenTesting.DataDrivenTest_AddNewEmployees" name="postAddNewEmployees" time="2.17"/>
  <testcase classname="dataDrivenTesting.DataDrivenTest_AddNewEmployees" name="postAddNewEmployees" time="0.446"/>
  <testcase classname="dataDrivenTesting.DataDrivenTest_AddNewEmployees" name="postAddNewEmployees" time="0.476"/>
  <testcase classname="dataDrivenTesting.DataDrivenTest_AddNewEmployees" name="postAddNewEmployees" time="0.429"/>
  <testcase classname="dataDrivenTesting.DataDrivenTest_AddNewEmployees" name="postAddNewEmployees" time="0.432"/>
</testsuite> <!-- Default test -->
