<?xml version="1.0" encoding="UTF-8"?>
<testng-results ignored="0" total="1" passed="1" failed="0" skipped="0">
  <reporter-output>
  </reporter-output>
  <suite started-at="2022-11-17T16:13:49 EST" name="Default suite" finished-at="2022-11-17T16:13:53 EST" duration-ms="3487">
    <groups>
    </groups>
    <test started-at="2022-11-17T16:13:49 EST" name="Default test" finished-at="2022-11-17T16:13:53 EST" duration-ms="3487">
      <class name="TC002_POST_Request">
        <test-method signature="postUser()[pri:0, instance:TC002_POST_Request@6f96c77]" started-at="2022-11-17T16:13:49 EST" name="postUser" finished-at="2022-11-17T16:13:53 EST" duration-ms="3423" status="PASS">
          <reporter-output>
          </reporter-output>
        </test-method> <!-- postUser -->
      </class> <!-- TC002_POST_Request -->
    </test> <!-- Default test -->
  </suite> <!-- Default suite -->
</testng-results>
